<?xml version="1.0" encoding="UTF-8"?>
<testsuite xmlns:xsi="http://www.w3.org/2001/XMLSchema-instance" xsi:noNamespaceSchemaLocation="https://maven.apache.org/surefire/maven-surefire-plugin/xsd/surefire-test-report.xsd" version="3.0.2" name="edu.hm.hafner.java2.assignment1.ArchitectureTest" time="2.904" tests="10" errors="0" skipped="0" failures="0">
  <properties>
[...]
</properties>
  <testcase name="NO_FIELDS_IN_TESTS" classname="ArchitectureTest" time="2.841">
    <system-err><![CDATA[[main] INFO com.tngtech.archunit.core.PluginLoader - Detected Java version 21.0.6
]]></system-err>
  </testcase>
  <testcase name="NO_PUBLIC_TEST_CLASSES" classname="ArchitectureTest" time="0.001"/>
  <testcase name="ONLY_PACKAGE_PRIVATE_TEST_METHODS" classname="ArchitectureTest" time="0.007"/>
  <testcase name="ONLY_PACKAGE_PRIVATE_ARCHITECTURE_TESTS" classname="ArchitectureTest" time="0.001"/>
  <testcase name="NO_TEST_API_CALLED" classname="ArchitectureTest" time="0.012"/>
  <testcase name="NO_FORBIDDEN_PACKAGE_ACCESSED" classname="ArchitectureTest" time="0.032"/>
  <testcase name="NO_FORBIDDEN_CLASSES_CALLED" classname="ArchitectureTest" time="0.002"/>
  <testcase name="NO_FORBIDDEN_ANNOTATION_USED" classname="ArchitectureTest" time="0.005"/>
  <testcase name="NO_EXCEPTIONS_WITH_NO_ARG_CONSTRUCTOR" classname="ArchitectureTest" time="0.001"/>
  <testcase name="READ_RESOLVE_SHOULD_BE_PROTECTED" classname="ArchitectureTest" time="0.0"/>
</testsuite>